============================= test session starts ==============================
platform darwin -- Python 3.13.2, pytest-9.1.1, pluggy-1.5.0 -- /opt/homebrew/Caskroom/miniconda/base/bin/python3
cachedir: .pytest_cache
rootdir: /Users/junqing/data/workspace/github/acdc/testdata/fixtures/py-pytest
configfile: pyproject.toml
testpaths: tests
plugins: anyio-4.12.0
collecting ... collected 2 items

tests/test_add.py::test_add PASSED                                       [ 50%]
tests/test_add.py::test_regression PASSED                                [100%]

============================== 2 passed in 0.01s ===============================
