{"numTotalTestSuites":2,"numPassedTestSuites":2,"numFailedTestSuites":0,"numPendingTestSuites":0,"numTotalTests":2,"numPassedTests":0,"numFailedTests":2,"numPendingTests":0,"numTodoTests":0,"startTime":1789537911563,"success":false,"testResults":[{"assertionResults":[{"ancestorTitles":["","add"],"fullName":" add adds","status":"failed","title":"adds","duration":3,"failureMessages":["expected 3 to be 999 // Object.is equality"],"location":{"line":3,"column":52}},{"ancestorTitles":["","add"],"fullName":" add regression inject","status":"failed","title":"regression inject","duration":0,"failureMessages":["expected 3 to be 999 // Object.is equality"],"location":{"line":3,"column":107}}],"startTime":1789537911947,"endTime":1789537911950,"status":"failed","message":"","name":"/private/tmp/tsfail/src/add.test.ts"}]}
