{"numTotalTestSuites":2,"numPassedTestSuites":2,"numFailedTestSuites":0,"numPendingTestSuites":0,"numTotalTests":2,"numPassedTests":2,"numFailedTests":0,"numPendingTests":0,"numTodoTests":0,"startTime":1789537898093,"success":true,"testResults":[{"assertionResults":[{"ancestorTitles":["","add"],"fullName":" add adds","status":"passed","title":"adds","duration":0,"failureMessages":[]},{"ancestorTitles":["","add"],"fullName":" add regression inject","status":"passed","title":"regression inject","duration":0,"failureMessages":[]}],"startTime":1789537898329,"endTime":1789537898329,"status":"passed","message":"","name":"/work/ts-vitest/src/add.test.ts"}]}
